Build started 05-Jun-18 10:21:52 PM.
     1>Project "C:\Users\Quentin\Documents\GitHub\Dictionary_Program\Wroth_student_number\Wroth_student_number\Wroth_student_number.vcxproj" on node 2 (Build target(s)).
     1>ClCompile:
         C:\Program Files (x86)\Microsoft Visual Studio 11.0\VC\bin\CL.exe /c /ZI /nologo /W3 /WX- /Od /Oy- /D WIN32 /D _DEBUG /D _CONSOLE /D _UNICODE /D UNICODE /Gm /EHsc /RTC1 /MDd /GS /fp:precise /Zc:wchar_t /Zc:forScope /Fo"Debug\\" /Fd"Debug\vc110.pdb" /Gd /TP /analyze- /errorReport:prompt Adjective.cpp Adverb.cpp dictionary.cpp Menu.cpp Main.cpp MiscWord.cpp Noun.cpp nounAndVerb.cpp Preposition.cpp ProperNoun.cpp Tasks.cpp Verb.cpp Word.cpp
         Word.cpp
         Verb.cpp
         Tasks.cpp
         ProperNoun.cpp
         Preposition.cpp
         nounAndVerb.cpp
         Noun.cpp
         MiscWord.cpp
         Main.cpp
         Menu.cpp
         dictionary.cpp
     1>c:\users\quentin\documents\github\dictionary_program\wroth_student_number\wroth_student_number\dictionary.cpp(304): warning C4244: 'argument' : conversion from 'time_t' to 'unsigned int', possible loss of data
         Adverb.cpp
         Adjective.cpp
         Generating Code...
       Link:
         C:\Program Files (x86)\Microsoft Visual Studio 11.0\VC\bin\link.exe /ERRORREPORT:PROMPT /OUT:"C:\Users\Quentin\Documents\GitHub\Dictionary_Program\Wroth_student_number\Debug\Wroth_student_number.exe" /INCREMENTAL /NOLOGO kernel32.lib user32.lib gdi32.lib winspool.lib comdlg32.lib advapi32.lib shell32.lib ole32.lib oleaut32.lib uuid.lib odbc32.lib odbccp32.lib /MANIFEST /MANIFESTUAC:"level='asInvoker' uiAccess='false'" /manifest:embed /DEBUG /PDB:"C:\Users\Quentin\Documents\GitHub\Dictionary_Program\Wroth_student_number\Debug\Wroth_student_number.pdb" /SUBSYSTEM:CONSOLE /TLBID:1 /DYNAMICBASE /NXCOMPAT /IMPLIB:"C:\Users\Quentin\Documents\GitHub\Dictionary_Program\Wroth_student_number\Debug\Wroth_student_number.lib" /MACHINE:X86 Debug\Adjective.obj
         Debug\Adverb.obj
         Debug\dictionary.obj
         Debug\Menu.obj
         Debug\Main.obj
         Debug\MiscWord.obj
         Debug\Noun.obj
         Debug\nounAndVerb.obj
         Debug\Preposition.obj
         Debug\ProperNoun.obj
         Debug\Tasks.obj
         Debug\Verb.obj
         Debug\Word.obj
         Wroth_student_number.vcxproj -> C:\Users\Quentin\Documents\GitHub\Dictionary_Program\Wroth_student_number\Debug\Wroth_student_number.exe
     1>Done Building Project "C:\Users\Quentin\Documents\GitHub\Dictionary_Program\Wroth_student_number\Wroth_student_number\Wroth_student_number.vcxproj" (Build target(s)).

Build succeeded.

Time Elapsed 00:00:06.72
